<?xml version="1.0" encoding="UTF-8"?>
<!-- Generated by org.testng.reporters.JUnitReportReporter -->
<testsuite hostname="FA064209" failures="0" tests="1" name="SauceDemoTest.SauceDemoTest" time="6.657" errors="0" timestamp="2024-10-14T14:18:33 IST" skipped="0">
  <testcase classname="SauceDemoTest.SauceDemoTest" name="searchAndAddToCart" time="6.657"/>
  <system-out/>
</testsuite> <!-- SauceDemoTest.SauceDemoTest -->
